-------------------------------------------------------------------------------
Test set: com.example.springboottest1.Springboottest1ApplicationTests
-------------------------------------------------------------------------------
Tests run: 1, Failures: 0, Errors: 1, Skipped: 0, Time elapsed: 3.002 s <<< FAILURE! - in com.example.springboottest1.Springboottest1ApplicationTests
contextLoads(com.example.springboottest1.Springboottest1ApplicationTests)  Time elapsed: 0.007 s  <<< ERROR!
java.lang.IllegalStateException: Failed to load ApplicationContext
Caused by: java.lang.IllegalStateException: Failed to load property source from location 'classpath:/application.yml'
Caused by: java.lang.IllegalStateException: duplicate key: spring

